# JRE version: Java(TM) SE Runtime Environment (8.0_441) (build 1.8.0_441-b07)
# Java VM: Java HotSpot(TM) 64-Bit Server VM (25.441-b07 mixed mode windows-amd64 compressed oops)
Heap:
 PSYoungGen      total 141824K, used 2391K [0x00000000d5580000, 0x00000000ded80000, 0x0000000100000000)
  eden space 129024K, 1% used [0x00000000d5580000,0x00000000d57d5cf8,0x00000000dd380000)
  from space 12800K, 0% used [0x00000000de100000,0x00000000de100000,0x00000000ded80000)
  to   space 10752K, 0% used [0x00000000dd380000,0x00000000dd380000,0x00000000dde00000)
 ParOldGen       total 98304K, used 9956K [0x0000000080000000, 0x0000000086000000, 0x00000000d5580000)
  object space 98304K, 10% used [0x0000000080000000,0x00000000809b9050,0x0000000086000000)
 Metaspace       used 20240K, capacity 21234K, committed 21552K, reserved 534528K
  class space    used 2887K, capacity 3129K, committed 3200K, reserved 516096K
GC Heap History (10 events):
Event: 0.859 GC heap after
Heap after GC invocations=2 (full 0):
 PSYoungGen      total 75776K, used 6020K [0x00000000d5580000, 0x00000000daa00000, 0x0000000100000000)
  eden space 65024K, 0% used [0x00000000d5580000,0x00000000d5580000,0x00000000d9500000)
  from space 10752K, 55% used [0x00000000d9f80000,0x00000000da561350,0x00000000daa00000)
  to   space 10752K, 0% used [0x00000000d9500000,0x00000000d9500000,0x00000000d9f80000)
 ParOldGen       total 173568K, used 24K [0x0000000080000000, 0x000000008a980000, 0x00000000d5580000)
  object space 173568K, 0% used [0x0000000080000000,0x0000000080006000,0x000000008a980000)
 Metaspace       used 8232K, capacity 8554K, committed 8704K, reserved 524288K
  class space    used 1059K, capacity 1165K, committed 1280K, reserved 516096K
}
Event: 1.079 GC heap before
{Heap before GC invocations=3 (full 0):
 PSYoungGen      total 75776K, used 71044K [0x00000000d5580000, 0x00000000daa00000, 0x0000000100000000)
  eden space 65024K, 100% used [0x00000000d5580000,0x00000000d9500000,0x00000000d9500000)
  from space 10752K, 55% used [0x00000000d9f80000,0x00000000da561350,0x00000000daa00000)
  to   space 10752K, 0% used [0x00000000d9500000,0x00000000d9500000,0x00000000d9f80000)
 ParOldGen       total 173568K, used 24K [0x0000000080000000, 0x000000008a980000, 0x00000000d5580000)
  object space 173568K, 0% used [0x0000000080000000,0x0000000080006000,0x000000008a980000)
 Metaspace       used 8669K, capacity 9016K, committed 9216K, reserved 524288K
  class space    used 1137K, capacity 1272K, committed 1280K, reserved 516096K
Event: 1.083 GC heap after
Heap after GC invocations=3 (full 0):
 PSYoungGen      total 75776K, used 6021K [0x00000000d5580000, 0x00000000de980000, 0x0000000100000000)
  eden space 65024K, 0% used [0x00000000d5580000,0x00000000d5580000,0x00000000d9500000)
  from space 10752K, 56% used [0x00000000d9500000,0x00000000d9ae15f0,0x00000000d9f80000)
  to   space 10752K, 0% used [0x00000000ddf00000,0x00000000ddf00000,0x00000000de980000)
 ParOldGen       total 173568K, used 32K [0x0000000080000000, 0x000000008a980000, 0x00000000d5580000)
  object space 173568K, 0% used [0x0000000080000000,0x0000000080008000,0x000000008a980000)
 Metaspace       used 8669K, capacity 9016K, committed 9216K, reserved 524288K
  class space    used 1137K, capacity 1272K, committed 1280K, reserved 516096K
}
Event: 1.965 GC heap before
{Heap before GC invocations=4 (full 0):
 PSYoungGen      total 75776K, used 71045K [0x00000000d5580000, 0x00000000de980000, 0x0000000100000000)
  eden space 65024K, 100% used [0x00000000d5580000,0x00000000d9500000,0x00000000d9500000)
  from space 10752K, 56% used [0x00000000d9500000,0x00000000d9ae15f0,0x00000000d9f80000)
  to   space 10752K, 0% used [0x00000000ddf00000,0x00000000ddf00000,0x00000000de980000)
 ParOldGen       total 173568K, used 32K [0x0000000080000000, 0x000000008a980000, 0x00000000d5580000)
  object space 173568K, 0% used [0x0000000080000000,0x0000000080008000,0x000000008a980000)
 Metaspace       used 14121K, capacity 14570K, committed 14976K, reserved 530432K
  class space    used 1922K, capacity 2053K, committed 2176K, reserved 516096K
Event: 1.970 GC heap after
Heap after GC invocations=4 (full 0):
 PSYoungGen      total 74752K, used 9576K [0x00000000d5580000, 0x00000000de880000, 0x0000000100000000)
  eden space 65024K, 0% used [0x00000000d5580000,0x00000000d5580000,0x00000000d9500000)
  from space 9728K, 98% used [0x00000000ddf00000,0x00000000de85a1a0,0x00000000de880000)
  to   space 10752K, 0% used [0x00000000dd380000,0x00000000dd380000,0x00000000dde00000)
 ParOldGen       total 173568K, used 40K [0x0000000080000000, 0x000000008a980000, 0x00000000d5580000)
  object space 173568K, 0% used [0x0000000080000000,0x000000008000a000,0x000000008a980000)
 Metaspace       used 14121K, capacity 14570K, committed 14976K, reserved 530432K
  class space    used 1922K, capacity 2053K, committed 2176K, reserved 516096K
}
Event: 2.205 GC heap before
{Heap before GC invocations=5 (full 0):
 PSYoungGen      total 74752K, used 74600K [0x00000000d5580000, 0x00000000de880000, 0x0000000100000000)
  eden space 65024K, 100% used [0x00000000d5580000,0x00000000d9500000,0x00000000d9500000)
  from space 9728K, 98% used [0x00000000ddf00000,0x00000000de85a1a0,0x00000000de880000)
  to   space 10752K, 0% used [0x00000000dd380000,0x00000000dd380000,0x00000000dde00000)
 ParOldGen       total 173568K, used 40K [0x0000000080000000, 0x000000008a980000, 0x00000000d5580000)
  object space 173568K, 0% used [0x0000000080000000,0x000000008000a000,0x000000008a980000)
 Metaspace       used 18065K, capacity 18982K, committed 19200K, reserved 532480K
  class space    used 2514K, capacity 2741K, committed 2816K, reserved 516096K
Event: 2.211 GC heap after
Heap after GC invocations=5 (full 0):
 PSYoungGen      total 139776K, used 10733K [0x00000000d5580000, 0x00000000ded80000, 0x0000000100000000)
  eden space 129024K, 0% used [0x00000000d5580000,0x00000000d5580000,0x00000000dd380000)
  from space 10752K, 99% used [0x00000000dd380000,0x00000000dddfb410,0x00000000dde00000)
  to   space 12800K, 0% used [0x00000000de100000,0x00000000de100000,0x00000000ded80000)
 ParOldGen       total 173568K, used 443K [0x0000000080000000, 0x000000008a980000, 0x00000000d5580000)
  object space 173568K, 0% used [0x0000000080000000,0x000000008006efd8,0x000000008a980000)
 Metaspace       used 18065K, capacity 18982K, committed 19200K, reserved 532480K
  class space    used 2514K, capacity 2741K, committed 2816K, reserved 516096K
}
Event: 2.379 GC heap before
{Heap before GC invocations=6 (full 0):
 PSYoungGen      total 139776K, used 58211K [0x00000000d5580000, 0x00000000ded80000, 0x0000000100000000)
  eden space 129024K, 36% used [0x00000000d5580000,0x00000000d83dd8b0,0x00000000dd380000)
  from space 10752K, 99% used [0x00000000dd380000,0x00000000dddfb410,0x00000000dde00000)
  to   space 12800K, 0% used [0x00000000de100000,0x00000000de100000,0x00000000ded80000)
 ParOldGen       total 173568K, used 443K [0x0000000080000000, 0x000000008a980000, 0x00000000d5580000)
  object space 173568K, 0% used [0x0000000080000000,0x000000008006efd8,0x000000008a980000)
 Metaspace       used 20191K, capacity 21192K, committed 21296K, reserved 534528K
  class space    used 2871K, capacity 3096K, committed 3200K, reserved 516096K
Event: 2.384 GC heap after
Heap after GC invocations=6 (full 0):
 PSYoungGen      total 141824K, used 10286K [0x00000000d5580000, 0x00000000ded80000, 0x0000000100000000)
  eden space 129024K, 0% used [0x00000000d5580000,0x00000000d5580000,0x00000000dd380000)
  from space 12800K, 80% used [0x00000000de100000,0x00000000deb0bb60,0x00000000ded80000)
  to   space 10752K, 0% used [0x00000000dd380000,0x00000000dd380000,0x00000000dde00000)
 ParOldGen       total 173568K, used 451K [0x0000000080000000, 0x000000008a980000, 0x00000000d5580000)
  object space 173568K, 0% used [0x0000000080000000,0x0000000080070fd8,0x000000008a980000)
 Metaspace       used 20191K, capacity 21192K, committed 21296K, reserved 534528K
  class space    used 2871K, capacity 3096K, committed 3200K, reserved 516096K
}
Event: 2.384 GC heap before
{Heap before GC invocations=7 (full 1):
 PSYoungGen      total 141824K, used 10286K [0x00000000d5580000, 0x00000000ded80000, 0x0000000100000000)
  eden space 129024K, 0% used [0x00000000d5580000,0x00000000d5580000,0x00000000dd380000)
  from space 12800K, 80% used [0x00000000de100000,0x00000000deb0bb60,0x00000000ded80000)
  to   space 10752K, 0% used [0x00000000dd380000,0x00000000dd380000,0x00000000dde00000)
 ParOldGen       total 173568K, used 451K [0x0000000080000000, 0x000000008a980000, 0x00000000d5580000)
  object space 173568K, 0% used [0x0000000080000000,0x0000000080070fd8,0x000000008a980000)
 Metaspace       used 20191K, capacity 21192K, committed 21296K, reserved 534528K
  class space    used 2871K, capacity 3096K, committed 3200K, reserved 516096K

