# JRE version: Java(TM) SE Runtime Environment (8.0_441) (build 1.8.0_441-b07)
# Java VM: Java HotSpot(TM) 64-Bit Server VM (25.441-b07 mixed mode windows-amd64 compressed oops)
Heap:
 PSYoungGen      total 225280K, used 19323K [0x00000000d5580000, 0x00000000e4080000, 0x0000000100000000)
  eden space 212480K, 3% used [0x00000000d5580000,0x00000000d5d0d258,0x00000000e2500000)
  from space 12800K, 90% used [0x00000000e3280000,0x00000000e3dd1af8,0x00000000e3f00000)
  to   space 13824K, 0% used [0x00000000e2500000,0x00000000e2500000,0x00000000e3280000)
 ParOldGen       total 97280K, used 10013K [0x0000000080000000, 0x0000000085f00000, 0x00000000d5580000)
  object space 97280K, 10% used [0x0000000080000000,0x00000000809c7630,0x0000000085f00000)
 Metaspace       used 31901K, capacity 33882K, committed 34048K, reserved 546816K
  class space    used 4707K, capacity 5084K, committed 5120K, reserved 516096K
GC Heap History (10 events):
Event: 2.169 GC heap before
{Heap before GC invocations=5 (full 0):
 PSYoungGen      total 75776K, used 74466K [0x00000000d5580000, 0x00000000daa00000, 0x0000000100000000)
  eden space 65024K, 100% used [0x00000000d5580000,0x00000000d9500000,0x00000000d9500000)
  from space 10752K, 87% used [0x00000000d9f80000,0x00000000da8b8aa8,0x00000000daa00000)
  to   space 10752K, 0% used [0x00000000d9500000,0x00000000d9500000,0x00000000d9f80000)
 ParOldGen       total 173568K, used 40K [0x0000000080000000, 0x000000008a980000, 0x00000000d5580000)
  object space 173568K, 0% used [0x0000000080000000,0x000000008000a000,0x000000008a980000)
 Metaspace       used 17737K, capacity 18584K, committed 18816K, reserved 532480K
  class space    used 2471K, capacity 2660K, committed 2688K, reserved 516096K
Event: 2.176 GC heap after
Heap after GC invocations=5 (full 0):
 PSYoungGen      total 75776K, used 10735K [0x00000000d5580000, 0x00000000ded80000, 0x0000000100000000)
  eden space 65024K, 0% used [0x00000000d5580000,0x00000000d5580000,0x00000000d9500000)
  from space 10752K, 99% used [0x00000000d9500000,0x00000000d9f7bee8,0x00000000d9f80000)
  to   space 12800K, 0% used [0x00000000de100000,0x00000000de100000,0x00000000ded80000)
 ParOldGen       total 173568K, used 330K [0x0000000080000000, 0x000000008a980000, 0x00000000d5580000)
  object space 173568K, 0% used [0x0000000080000000,0x0000000080052978,0x000000008a980000)
 Metaspace       used 17737K, capacity 18584K, committed 18816K, reserved 532480K
  class space    used 2471K, capacity 2660K, committed 2688K, reserved 516096K
}
Event: 2.329 GC heap before
{Heap before GC invocations=6 (full 0):
 PSYoungGen      total 75776K, used 57657K [0x00000000d5580000, 0x00000000ded80000, 0x0000000100000000)
  eden space 65024K, 72% used [0x00000000d5580000,0x00000000d8352720,0x00000000d9500000)
  from space 10752K, 99% used [0x00000000d9500000,0x00000000d9f7bee8,0x00000000d9f80000)
  to   space 12800K, 0% used [0x00000000de100000,0x00000000de100000,0x00000000ded80000)
 ParOldGen       total 173568K, used 330K [0x0000000080000000, 0x000000008a980000, 0x00000000d5580000)
  object space 173568K, 0% used [0x0000000080000000,0x0000000080052978,0x000000008a980000)
 Metaspace       used 20141K, capacity 21152K, committed 21296K, reserved 534528K
  class space    used 2860K, capacity 3112K, committed 3200K, reserved 516096K
Event: 2.334 GC heap after
Heap after GC invocations=6 (full 0):
 PSYoungGen      total 142336K, used 10423K [0x00000000d5580000, 0x00000000dee80000, 0x0000000100000000)
  eden space 129536K, 0% used [0x00000000d5580000,0x00000000d5580000,0x00000000dd400000)
  from space 12800K, 81% used [0x00000000de100000,0x00000000deb2dde8,0x00000000ded80000)
  to   space 13312K, 0% used [0x00000000dd400000,0x00000000dd400000,0x00000000de100000)
 ParOldGen       total 173568K, used 338K [0x0000000080000000, 0x000000008a980000, 0x00000000d5580000)
  object space 173568K, 0% used [0x0000000080000000,0x0000000080054978,0x000000008a980000)
 Metaspace       used 20141K, capacity 21152K, committed 21296K, reserved 534528K
  class space    used 2860K, capacity 3112K, committed 3200K, reserved 516096K
}
Event: 2.334 GC heap before
{Heap before GC invocations=7 (full 1):
 PSYoungGen      total 142336K, used 10423K [0x00000000d5580000, 0x00000000dee80000, 0x0000000100000000)
  eden space 129536K, 0% used [0x00000000d5580000,0x00000000d5580000,0x00000000dd400000)
  from space 12800K, 81% used [0x00000000de100000,0x00000000deb2dde8,0x00000000ded80000)
  to   space 13312K, 0% used [0x00000000dd400000,0x00000000dd400000,0x00000000de100000)
 ParOldGen       total 173568K, used 338K [0x0000000080000000, 0x000000008a980000, 0x00000000d5580000)
  object space 173568K, 0% used [0x0000000080000000,0x0000000080054978,0x000000008a980000)
 Metaspace       used 20141K, capacity 21152K, committed 21296K, reserved 534528K
  class space    used 2860K, capacity 3112K, committed 3200K, reserved 516096K
Event: 2.353 GC heap after
Heap after GC invocations=7 (full 1):
 PSYoungGen      total 142336K, used 0K [0x00000000d5580000, 0x00000000dee80000, 0x0000000100000000)
  eden space 129536K, 0% used [0x00000000d5580000,0x00000000d5580000,0x00000000dd400000)
  from space 12800K, 0% used [0x00000000de100000,0x00000000de100000,0x00000000ded80000)
  to   space 13312K, 0% used [0x00000000dd400000,0x00000000dd400000,0x00000000de100000)
 ParOldGen       total 97280K, used 9997K [0x0000000080000000, 0x0000000085f00000, 0x00000000d5580000)
  object space 97280K, 10% used [0x0000000080000000,0x00000000809c3630,0x0000000085f00000)
 Metaspace       used 20141K, capacity 21152K, committed 21296K, reserved 534528K
  class space    used 2860K, capacity 3112K, committed 3200K, reserved 516096K
}
Event: 2.788 GC heap before
{Heap before GC invocations=8 (full 1):
 PSYoungGen      total 142336K, used 129536K [0x00000000d5580000, 0x00000000dee80000, 0x0000000100000000)
  eden space 129536K, 100% used [0x00000000d5580000,0x00000000dd400000,0x00000000dd400000)
  from space 12800K, 0% used [0x00000000de100000,0x00000000de100000,0x00000000ded80000)
  to   space 13312K, 0% used [0x00000000dd400000,0x00000000dd400000,0x00000000de100000)
 ParOldGen       total 97280K, used 9997K [0x0000000080000000, 0x0000000085f00000, 0x00000000d5580000)
  object space 97280K, 10% used [0x0000000080000000,0x00000000809c3630,0x0000000085f00000)
 Metaspace       used 24989K, capacity 26130K, committed 26368K, reserved 538624K
  class space    used 3576K, capacity 3829K, committed 3840K, reserved 516096K
Event: 2.793 GC heap after
Heap after GC invocations=8 (full 1):
 PSYoungGen      total 142848K, used 7899K [0x00000000d5580000, 0x00000000e3f00000, 0x0000000100000000)
  eden space 129536K, 0% used [0x00000000d5580000,0x00000000d5580000,0x00000000dd400000)
  from space 13312K, 59% used [0x00000000dd400000,0x00000000ddbb6ff0,0x00000000de100000)
  to   space 12800K, 0% used [0x00000000e3280000,0x00000000e3280000,0x00000000e3f00000)
 ParOldGen       total 97280K, used 10005K [0x0000000080000000, 0x0000000085f00000, 0x00000000d5580000)
  object space 97280K, 10% used [0x0000000080000000,0x00000000809c5630,0x0000000085f00000)
 Metaspace       used 24989K, capacity 26130K, committed 26368K, reserved 538624K
  class space    used 3576K, capacity 3829K, committed 3840K, reserved 516096K
}
Event: 3.557 GC heap before
{Heap before GC invocations=9 (full 1):
 PSYoungGen      total 142848K, used 137435K [0x00000000d5580000, 0x00000000e3f00000, 0x0000000100000000)
  eden space 129536K, 100% used [0x00000000d5580000,0x00000000dd400000,0x00000000dd400000)
  from space 13312K, 59% used [0x00000000dd400000,0x00000000ddbb6ff0,0x00000000de100000)
  to   space 12800K, 0% used [0x00000000e3280000,0x00000000e3280000,0x00000000e3f00000)
 ParOldGen       total 97280K, used 10005K [0x0000000080000000, 0x0000000085f00000, 0x00000000d5580000)
  object space 97280K, 10% used [0x0000000080000000,0x00000000809c5630,0x0000000085f00000)
 Metaspace       used 31570K, capacity 33518K, committed 33792K, reserved 544768K
  class space    used 4661K, capacity 5030K, committed 5120K, reserved 516096K
Event: 3.568 GC heap after
Heap after GC invocations=9 (full 1):
 PSYoungGen      total 225280K, used 11590K [0x00000000d5580000, 0x00000000e4080000, 0x0000000100000000)
  eden space 212480K, 0% used [0x00000000d5580000,0x00000000d5580000,0x00000000e2500000)
  from space 12800K, 90% used [0x00000000e3280000,0x00000000e3dd1af8,0x00000000e3f00000)
  to   space 13824K, 0% used [0x00000000e2500000,0x00000000e2500000,0x00000000e3280000)
 ParOldGen       total 97280K, used 10013K [0x0000000080000000, 0x0000000085f00000, 0x00000000d5580000)
  object space 97280K, 10% used [0x0000000080000000,0x00000000809c7630,0x0000000085f00000)
 Metaspace       used 31570K, capacity 33518K, committed 33792K, reserved 544768K
  class space    used 4661K, capacity 5030K, committed 5120K, reserved 516096K
}

