# JRE version: Java(TM) SE Runtime Environment (8.0_441) (build 1.8.0_441-b07)
# Java VM: Java HotSpot(TM) 64-Bit Server VM (25.441-b07 mixed mode windows-amd64 compressed oops)
Heap:
 PSYoungGen      total 283648K, used 128497K [0x0000000715580000, 0x000000072c700000, 0x00000007c0000000)
  eden space 270848K, 42% used [0x0000000715580000,0x000000071c67fa30,0x0000000725e00000)
  from space 12800K, 99% used [0x0000000727700000,0x000000072837ca58,0x0000000728380000)
  to   space 25600K, 0% used [0x0000000725e00000,0x0000000725e00000,0x0000000727700000)
 ParOldGen       total 212992K, used 55222K [0x00000005c0000000, 0x00000005cd000000, 0x0000000715580000)
  object space 212992K, 25% used [0x00000005c0000000,0x00000005c35eda40,0x00000005cd000000)
 Metaspace       used 71687K, capacity 74848K, committed 75056K, reserved 1118208K
  class space    used 9908K, capacity 10508K, committed 10544K, reserved 1048576K
GC Heap History (10 events):
Event: 3.381 GC heap before
{Heap before GC invocations=11 (full 2):
 PSYoungGen      total 219648K, used 8818K [0x0000000715580000, 0x0000000728400000, 0x00000007c0000000)
  eden space 206336K, 0% used [0x0000000715580000,0x0000000715580000,0x0000000721f00000)
  from space 13312K, 66% used [0x0000000721f00000,0x000000072279cab0,0x0000000722c00000)
  to   space 13312K, 0% used [0x0000000727700000,0x0000000727700000,0x0000000728400000)
 ParOldGen       total 97792K, used 9157K [0x00000005c0000000, 0x00000005c5f80000, 0x0000000715580000)
  object space 97792K, 9% used [0x00000005c0000000,0x00000005c08f14f0,0x00000005c5f80000)
 Metaspace       used 33107K, capacity 35418K, committed 35496K, reserved 1079296K
  class space    used 4947K, capacity 5378K, committed 5424K, reserved 1048576K
Event: 3.406 GC heap after
Heap after GC invocations=11 (full 2):
 PSYoungGen      total 219648K, used 0K [0x0000000715580000, 0x0000000728400000, 0x00000007c0000000)
  eden space 206336K, 0% used [0x0000000715580000,0x0000000715580000,0x0000000721f00000)
  from space 13312K, 0% used [0x0000000721f00000,0x0000000721f00000,0x0000000722c00000)
  to   space 13312K, 0% used [0x0000000727700000,0x0000000727700000,0x0000000728400000)
 ParOldGen       total 143360K, used 16591K [0x00000005c0000000, 0x00000005c8c00000, 0x0000000715580000)
  object space 143360K, 11% used [0x00000005c0000000,0x00000005c1033fb0,0x00000005c8c00000)
 Metaspace       used 33100K, capacity 35394K, committed 35496K, reserved 1079296K
  class space    used 4945K, capacity 5374K, committed 5424K, reserved 1048576K
}
Event: 4.274 GC heap before
{Heap before GC invocations=12 (full 2):
 PSYoungGen      total 219648K, used 206336K [0x0000000715580000, 0x0000000728400000, 0x00000007c0000000)
  eden space 206336K, 100% used [0x0000000715580000,0x0000000721f00000,0x0000000721f00000)
  from space 13312K, 0% used [0x0000000721f00000,0x0000000721f00000,0x0000000722c00000)
  to   space 13312K, 0% used [0x0000000727700000,0x0000000727700000,0x0000000728400000)
 ParOldGen       total 143360K, used 16591K [0x00000005c0000000, 0x00000005c8c00000, 0x0000000715580000)
  object space 143360K, 11% used [0x00000005c0000000,0x00000005c1033fb0,0x00000005c8c00000)
 Metaspace       used 44760K, capacity 47588K, committed 47792K, reserved 1089536K
  class space    used 6730K, capacity 7256K, committed 7344K, reserved 1048576K
Event: 4.281 GC heap after
Heap after GC invocations=12 (full 2):
 PSYoungGen      total 284160K, used 12486K [0x0000000715580000, 0x0000000728380000, 0x00000007c0000000)
  eden space 271360K, 0% used [0x0000000715580000,0x0000000715580000,0x0000000725e80000)
  from space 12800K, 97% used [0x0000000727700000,0x0000000728331ba8,0x0000000728380000)
  to   space 14336K, 0% used [0x0000000726780000,0x0000000726780000,0x0000000727580000)
 ParOldGen       total 143360K, used 16599K [0x00000005c0000000, 0x00000005c8c00000, 0x0000000715580000)
  object space 143360K, 11% used [0x00000005c0000000,0x00000005c1035fb0,0x00000005c8c00000)
 Metaspace       used 44760K, capacity 47588K, committed 47792K, reserved 1089536K
  class space    used 6730K, capacity 7256K, committed 7344K, reserved 1048576K
}
Event: 5.096 GC heap before
{Heap before GC invocations=13 (full 2):
 PSYoungGen      total 284160K, used 232241K [0x0000000715580000, 0x0000000728380000, 0x00000007c0000000)
  eden space 271360K, 80% used [0x0000000715580000,0x0000000722c1aa68,0x0000000725e80000)
  from space 12800K, 97% used [0x0000000727700000,0x0000000728331ba8,0x0000000728380000)
  to   space 14336K, 0% used [0x0000000726780000,0x0000000726780000,0x0000000727580000)
 ParOldGen       total 143360K, used 16599K [0x00000005c0000000, 0x00000005c8c00000, 0x0000000715580000)
  object space 143360K, 11% used [0x00000005c0000000,0x00000005c1035fb0,0x00000005c8c00000)
 Metaspace       used 56035K, capacity 59032K, committed 59160K, reserved 1099776K
  class space    used 8195K, capacity 8788K, committed 8880K, reserved 1048576K
Event: 5.108 GC heap after
Heap after GC invocations=13 (full 2):
 PSYoungGen      total 285696K, used 14330K [0x0000000715580000, 0x0000000728380000, 0x00000007c0000000)
  eden space 271360K, 0% used [0x0000000715580000,0x0000000715580000,0x0000000725e80000)
  from space 14336K, 99% used [0x0000000726780000,0x000000072757e9e8,0x0000000727580000)
  to   space 12800K, 0% used [0x0000000727700000,0x0000000727700000,0x0000000728380000)
 ParOldGen       total 143360K, used 22610K [0x00000005c0000000, 0x00000005c8c00000, 0x0000000715580000)
  object space 143360K, 15% used [0x00000005c0000000,0x00000005c1614b60,0x00000005c8c00000)
 Metaspace       used 56035K, capacity 59032K, committed 59160K, reserved 1099776K
  class space    used 8195K, capacity 8788K, committed 8880K, reserved 1048576K
}
Event: 5.108 GC heap before
{Heap before GC invocations=14 (full 3):
 PSYoungGen      total 285696K, used 14330K [0x0000000715580000, 0x0000000728380000, 0x00000007c0000000)
  eden space 271360K, 0% used [0x0000000715580000,0x0000000715580000,0x0000000725e80000)
  from space 14336K, 99% used [0x0000000726780000,0x000000072757e9e8,0x0000000727580000)
  to   space 12800K, 0% used [0x0000000727700000,0x0000000727700000,0x0000000728380000)
 ParOldGen       total 143360K, used 22610K [0x00000005c0000000, 0x00000005c8c00000, 0x0000000715580000)
  object space 143360K, 15% used [0x00000005c0000000,0x00000005c1614b60,0x00000005c8c00000)
 Metaspace       used 56035K, capacity 59032K, committed 59160K, reserved 1099776K
  class space    used 8195K, capacity 8788K, committed 8880K, reserved 1048576K
Event: 5.216 GC heap after
Heap after GC invocations=14 (full 3):
 PSYoungGen      total 285696K, used 0K [0x0000000715580000, 0x0000000728380000, 0x00000007c0000000)
  eden space 271360K, 0% used [0x0000000715580000,0x0000000715580000,0x0000000725e80000)
  from space 14336K, 0% used [0x0000000726780000,0x0000000726780000,0x0000000727580000)
  to   space 12800K, 0% used [0x0000000727700000,0x0000000727700000,0x0000000728380000)
 ParOldGen       total 212992K, used 34313K [0x00000005c0000000, 0x00000005cd000000, 0x0000000715580000)
  object space 212992K, 16% used [0x00000005c0000000,0x00000005c2182628,0x00000005cd000000)
 Metaspace       used 56035K, capacity 59032K, committed 59160K, reserved 1099776K
  class space    used 8195K, capacity 8788K, committed 8880K, reserved 1048576K
}
Event: 6.223 GC heap before
{Heap before GC invocations=15 (full 3):
 PSYoungGen      total 285696K, used 271360K [0x0000000715580000, 0x0000000728380000, 0x00000007c0000000)
  eden space 271360K, 100% used [0x0000000715580000,0x0000000725e80000,0x0000000725e80000)
  from space 14336K, 0% used [0x0000000726780000,0x0000000726780000,0x0000000727580000)
  to   space 12800K, 0% used [0x0000000727700000,0x0000000727700000,0x0000000728380000)
 ParOldGen       total 212992K, used 34313K [0x00000005c0000000, 0x00000005cd000000, 0x0000000715580000)
  object space 212992K, 16% used [0x00000005c0000000,0x00000005c2182628,0x00000005cd000000)
 Metaspace       used 65663K, capacity 68790K, committed 69040K, reserved 1107968K
  class space    used 9266K, capacity 9873K, committed 9904K, reserved 1048576K
Event: 6.239 GC heap after
Heap after GC invocations=15 (full 3):
 PSYoungGen      total 283648K, used 12786K [0x0000000715580000, 0x000000072c700000, 0x00000007c0000000)
  eden space 270848K, 0% used [0x0000000715580000,0x0000000715580000,0x0000000725e00000)
  from space 12800K, 99% used [0x0000000727700000,0x000000072837ca58,0x0000000728380000)
  to   space 25600K, 0% used [0x0000000725e00000,0x0000000725e00000,0x0000000727700000)
 ParOldGen       total 212992K, used 55222K [0x00000005c0000000, 0x00000005cd000000, 0x0000000715580000)
  object space 212992K, 25% used [0x00000005c0000000,0x00000005c35eda40,0x00000005cd000000)
 Metaspace       used 65663K, capacity 68790K, committed 69040K, reserved 1107968K
  class space    used 9266K, capacity 9873K, committed 9904K, reserved 1048576K
}

