# JRE version: Java(TM) SE Runtime Environment (8.0_441) (build 1.8.0_441-b07)
# Java VM: Java HotSpot(TM) 64-Bit Server VM (25.441-b07 mixed mode windows-amd64 compressed oops)
Heap:
 PSYoungGen      total 75776K, used 44434K [0x0000000715580000, 0x000000071aa00000, 0x00000007c0000000)
  eden space 65024K, 52% used [0x0000000715580000,0x00000007176f4ec0,0x0000000719500000)
  from space 10752K, 94% used [0x0000000719f80000,0x000000071a96fb80,0x000000071aa00000)
  to   space 10752K, 0% used [0x0000000719500000,0x0000000719500000,0x0000000719f80000)
 ParOldGen       total 173568K, used 40K [0x00000005c0000000, 0x00000005ca980000, 0x0000000715580000)
  object space 173568K, 0% used [0x00000005c0000000,0x00000005c000a000,0x00000005ca980000)
 Metaspace       used 17319K, capacity 18058K, committed 18304K, reserved 1064960K
  class space    used 2408K, capacity 2597K, committed 2688K, reserved 1048576K
GC Heap History (8 events):
Event: 0.495 GC heap before
{Heap before GC invocations=1 (full 0):
 PSYoungGen      total 75776K, used 65024K [0x0000000715580000, 0x000000071aa00000, 0x00000007c0000000)
  eden space 65024K, 100% used [0x0000000715580000,0x0000000719500000,0x0000000719500000)
  from space 10752K, 0% used [0x0000000719f80000,0x0000000719f80000,0x000000071aa00000)
  to   space 10752K, 0% used [0x0000000719500000,0x0000000719500000,0x0000000719f80000)
 ParOldGen       total 173568K, used 0K [0x00000005c0000000, 0x00000005ca980000, 0x0000000715580000)
  object space 173568K, 0% used [0x00000005c0000000,0x00000005c0000000,0x00000005ca980000)
 Metaspace       used 7458K, capacity 7682K, committed 7808K, reserved 1056768K
  class space    used 962K, capacity 1029K, committed 1152K, reserved 1048576K
Event: 0.501 GC heap after
Heap after GC invocations=1 (full 0):
 PSYoungGen      total 75776K, used 5142K [0x0000000715580000, 0x000000071aa00000, 0x00000007c0000000)
  eden space 65024K, 0% used [0x0000000715580000,0x0000000715580000,0x0000000719500000)
  from space 10752K, 47% used [0x0000000719500000,0x0000000719a05928,0x0000000719f80000)
  to   space 10752K, 0% used [0x0000000719f80000,0x0000000719f80000,0x000000071aa00000)
 ParOldGen       total 173568K, used 16K [0x00000005c0000000, 0x00000005ca980000, 0x0000000715580000)
  object space 173568K, 0% used [0x00000005c0000000,0x00000005c0004000,0x00000005ca980000)
 Metaspace       used 7458K, capacity 7682K, committed 7808K, reserved 1056768K
  class space    used 962K, capacity 1029K, committed 1152K, reserved 1048576K
}
Event: 0.831 GC heap before
{Heap before GC invocations=2 (full 0):
 PSYoungGen      total 75776K, used 70166K [0x0000000715580000, 0x000000071aa00000, 0x00000007c0000000)
  eden space 65024K, 100% used [0x0000000715580000,0x0000000719500000,0x0000000719500000)
  from space 10752K, 47% used [0x0000000719500000,0x0000000719a05928,0x0000000719f80000)
  to   space 10752K, 0% used [0x0000000719f80000,0x0000000719f80000,0x000000071aa00000)
 ParOldGen       total 173568K, used 16K [0x00000005c0000000, 0x00000005ca980000, 0x0000000715580000)
  object space 173568K, 0% used [0x00000005c0000000,0x00000005c0004000,0x00000005ca980000)
 Metaspace       used 8143K, capacity 8424K, committed 8576K, reserved 1056768K
  class space    used 1039K, capacity 1126K, committed 1152K, reserved 1048576K
Event: 0.835 GC heap after
Heap after GC invocations=2 (full 0):
 PSYoungGen      total 75776K, used 5859K [0x0000000715580000, 0x000000071aa00000, 0x00000007c0000000)
  eden space 65024K, 0% used [0x0000000715580000,0x0000000715580000,0x0000000719500000)
  from space 10752K, 54% used [0x0000000719f80000,0x000000071a538e40,0x000000071aa00000)
  to   space 10752K, 0% used [0x0000000719500000,0x0000000719500000,0x0000000719f80000)
 ParOldGen       total 173568K, used 24K [0x00000005c0000000, 0x00000005ca980000, 0x0000000715580000)
  object space 173568K, 0% used [0x00000005c0000000,0x00000005c0006000,0x00000005ca980000)
 Metaspace       used 8143K, capacity 8424K, committed 8576K, reserved 1056768K
  class space    used 1039K, capacity 1126K, committed 1152K, reserved 1048576K
}
Event: 1.066 GC heap before
{Heap before GC invocations=3 (full 0):
 PSYoungGen      total 75776K, used 70883K [0x0000000715580000, 0x000000071aa00000, 0x00000007c0000000)
  eden space 65024K, 100% used [0x0000000715580000,0x0000000719500000,0x0000000719500000)
  from space 10752K, 54% used [0x0000000719f80000,0x000000071a538e40,0x000000071aa00000)
  to   space 10752K, 0% used [0x0000000719500000,0x0000000719500000,0x0000000719f80000)
 ParOldGen       total 173568K, used 24K [0x00000005c0000000, 0x00000005ca980000, 0x0000000715580000)
  object space 173568K, 0% used [0x00000005c0000000,0x00000005c0006000,0x00000005ca980000)
 Metaspace       used 9814K, capacity 10164K, committed 10368K, reserved 1058816K
  class space    used 1287K, capacity 1362K, committed 1408K, reserved 1048576K
Event: 1.069 GC heap after
Heap after GC invocations=3 (full 0):
 PSYoungGen      total 75776K, used 7387K [0x0000000715580000, 0x000000071aa00000, 0x00000007c0000000)
  eden space 65024K, 0% used [0x0000000715580000,0x0000000715580000,0x0000000719500000)
  from space 10752K, 68% used [0x0000000719500000,0x0000000719c36ee0,0x0000000719f80000)
  to   space 10752K, 0% used [0x0000000719f80000,0x0000000719f80000,0x000000071aa00000)
 ParOldGen       total 173568K, used 32K [0x00000005c0000000, 0x00000005ca980000, 0x0000000715580000)
  object space 173568K, 0% used [0x00000005c0000000,0x00000005c0008000,0x00000005ca980000)
 Metaspace       used 9814K, capacity 10164K, committed 10368K, reserved 1058816K
  class space    used 1287K, capacity 1362K, committed 1408K, reserved 1048576K
}
Event: 1.904 GC heap before
{Heap before GC invocations=4 (full 0):
 PSYoungGen      total 75776K, used 72411K [0x0000000715580000, 0x000000071aa00000, 0x00000007c0000000)
  eden space 65024K, 100% used [0x0000000715580000,0x0000000719500000,0x0000000719500000)
  from space 10752K, 68% used [0x0000000719500000,0x0000000719c36ee0,0x0000000719f80000)
  to   space 10752K, 0% used [0x0000000719f80000,0x0000000719f80000,0x000000071aa00000)
 ParOldGen       total 173568K, used 32K [0x00000005c0000000, 0x00000005ca980000, 0x0000000715580000)
  object space 173568K, 0% used [0x00000005c0000000,0x00000005c0008000,0x00000005ca980000)
 Metaspace       used 15592K, capacity 16100K, committed 16384K, reserved 1062912K
  class space    used 2119K, capacity 2258K, committed 2304K, reserved 1048576K
Event: 1.909 GC heap after
Heap after GC invocations=4 (full 0):
 PSYoungGen      total 75776K, used 10174K [0x0000000715580000, 0x000000071aa00000, 0x00000007c0000000)
  eden space 65024K, 0% used [0x0000000715580000,0x0000000715580000,0x0000000719500000)
  from space 10752K, 94% used [0x0000000719f80000,0x000000071a96fb80,0x000000071aa00000)
  to   space 10752K, 0% used [0x0000000719500000,0x0000000719500000,0x0000000719f80000)
 ParOldGen       total 173568K, used 40K [0x00000005c0000000, 0x00000005ca980000, 0x0000000715580000)
  object space 173568K, 0% used [0x00000005c0000000,0x00000005c000a000,0x00000005ca980000)
 Metaspace       used 15592K, capacity 16100K, committed 16384K, reserved 1062912K
  class space    used 2119K, capacity 2258K, committed 2304K, reserved 1048576K
}

