# JRE version: Java(TM) SE Runtime Environment (8.0_441) (build 1.8.0_441-b07)
# Java VM: Java HotSpot(TM) 64-Bit Server VM (25.441-b07 mixed mode windows-amd64 compressed oops)
Heap:
 PSYoungGen      total 358400K, used 74370K [0x00000000d5580000, 0x00000000ed480000, 0x0000000100000000)
  eden space 331776K, 17% used [0x00000000d5580000,0x00000000d8df8708,0x00000000e9980000)
  from space 26624K, 62% used [0x00000000e9980000,0x00000000ea9a8130,0x00000000eb380000)
  to   space 18944K, 0% used [0x00000000eb380000,0x00000000eb380000,0x00000000ec600000)
 ParOldGen       total 356352K, used 74309K [0x0000000080000000, 0x0000000095c00000, 0x00000000d5580000)
  object space 356352K, 20% used [0x0000000080000000,0x0000000084891560,0x0000000095c00000)
 Metaspace       used 107755K, capacity 114492K, committed 114712K, reserved 616448K
  class space    used 13977K, capacity 15129K, committed 15144K, reserved 516096K
GC Heap History (10 events):
Event: 6.248 GC heap before
{Heap before GC invocations=15 (full 3):
 PSYoungGen      total 299008K, used 284160K [0x00000000d5580000, 0x00000000ec600000, 0x0000000100000000)
  eden space 284160K, 100% used [0x00000000d5580000,0x00000000e6b00000,0x00000000e6b00000)
  from space 14848K, 0% used [0x00000000e6b00000,0x00000000e6b00000,0x00000000e7980000)
  to   space 18944K, 0% used [0x00000000eb380000,0x00000000eb380000,0x00000000ec600000)
 ParOldGen       total 226304K, used 35918K [0x0000000080000000, 0x000000008dd00000, 0x00000000d5580000)
  object space 226304K, 15% used [0x0000000080000000,0x0000000082313808,0x000000008dd00000)
 Metaspace       used 65678K, capacity 68994K, committed 69272K, reserved 575488K
  class space    used 9231K, capacity 9880K, committed 9896K, reserved 516096K
Event: 6.264 GC heap after
Heap after GC invocations=15 (full 3):
 PSYoungGen      total 350720K, used 18933K [0x00000000d5580000, 0x00000000ed480000, 0x0000000100000000)
  eden space 331776K, 0% used [0x00000000d5580000,0x00000000d5580000,0x00000000e9980000)
  from space 18944K, 99% used [0x00000000eb380000,0x00000000ec5fd438,0x00000000ec600000)
  to   space 26624K, 0% used [0x00000000e9980000,0x00000000e9980000,0x00000000eb380000)
 ParOldGen       total 226304K, used 49576K [0x0000000080000000, 0x000000008dd00000, 0x00000000d5580000)
  object space 226304K, 21% used [0x0000000080000000,0x000000008306a0a0,0x000000008dd00000)
 Metaspace       used 65678K, capacity 68994K, committed 69272K, reserved 575488K
  class space    used 9231K, capacity 9880K, committed 9896K, reserved 516096K
}
Event: 7.690 GC heap before
{Heap before GC invocations=16 (full 3):
 PSYoungGen      total 350720K, used 350709K [0x00000000d5580000, 0x00000000ed480000, 0x0000000100000000)
  eden space 331776K, 100% used [0x00000000d5580000,0x00000000e9980000,0x00000000e9980000)
  from space 18944K, 99% used [0x00000000eb380000,0x00000000ec5fd438,0x00000000ec600000)
  to   space 26624K, 0% used [0x00000000e9980000,0x00000000e9980000,0x00000000eb380000)
 ParOldGen       total 226304K, used 49576K [0x0000000080000000, 0x000000008dd00000, 0x00000000d5580000)
  object space 226304K, 21% used [0x0000000080000000,0x000000008306a0a0,0x000000008dd00000)
 Metaspace       used 80887K, capacity 85612K, committed 85784K, reserved 591872K
  class space    used 10939K, capacity 11801K, committed 11816K, reserved 516096K
Event: 7.711 GC heap after
Heap after GC invocations=16 (full 3):
 PSYoungGen      total 358400K, used 26594K [0x00000000d5580000, 0x00000000ed480000, 0x0000000100000000)
  eden space 331776K, 0% used [0x00000000d5580000,0x00000000d5580000,0x00000000e9980000)
  from space 26624K, 99% used [0x00000000e9980000,0x00000000eb378b18,0x00000000eb380000)
  to   space 18944K, 0% used [0x00000000eb380000,0x00000000eb380000,0x00000000ec600000)
 ParOldGen       total 226304K, used 69637K [0x0000000080000000, 0x000000008dd00000, 0x00000000d5580000)
  object space 226304K, 30% used [0x0000000080000000,0x0000000084401740,0x000000008dd00000)
 Metaspace       used 80887K, capacity 85612K, committed 85784K, reserved 591872K
  class space    used 10939K, capacity 11801K, committed 11816K, reserved 516096K
}
Event: 8.807 GC heap before
{Heap before GC invocations=17 (full 3):
 PSYoungGen      total 358400K, used 246575K [0x00000000d5580000, 0x00000000ed480000, 0x0000000100000000)
  eden space 331776K, 66% used [0x00000000d5580000,0x00000000e2c53330,0x00000000e9980000)
  from space 26624K, 99% used [0x00000000e9980000,0x00000000eb378b18,0x00000000eb380000)
  to   space 18944K, 0% used [0x00000000eb380000,0x00000000eb380000,0x00000000ec600000)
 ParOldGen       total 226304K, used 69637K [0x0000000080000000, 0x000000008dd00000, 0x00000000d5580000)
  object space 226304K, 30% used [0x0000000080000000,0x0000000084401740,0x000000008dd00000)
 Metaspace       used 92957K, capacity 98504K, committed 98584K, reserved 602112K
  class space    used 12299K, capacity 13283K, committed 13352K, reserved 516096K
Event: 8.817 GC heap after
Heap after GC invocations=17 (full 3):
 PSYoungGen      total 350720K, used 17884K [0x00000000d5580000, 0x00000000ed480000, 0x0000000100000000)
  eden space 331776K, 0% used [0x00000000d5580000,0x00000000d5580000,0x00000000e9980000)
  from space 18944K, 94% used [0x00000000eb380000,0x00000000ec4f7060,0x00000000ec600000)
  to   space 26624K, 0% used [0x00000000e9980000,0x00000000e9980000,0x00000000eb380000)
 ParOldGen       total 226304K, used 81095K [0x0000000080000000, 0x000000008dd00000, 0x00000000d5580000)
  object space 226304K, 35% used [0x0000000080000000,0x0000000084f31d18,0x000000008dd00000)
 Metaspace       used 92957K, capacity 98504K, committed 98584K, reserved 602112K
  class space    used 12299K, capacity 13283K, committed 13352K, reserved 516096K
}
Event: 8.817 GC heap before
{Heap before GC invocations=18 (full 4):
 PSYoungGen      total 350720K, used 17884K [0x00000000d5580000, 0x00000000ed480000, 0x0000000100000000)
  eden space 331776K, 0% used [0x00000000d5580000,0x00000000d5580000,0x00000000e9980000)
  from space 18944K, 94% used [0x00000000eb380000,0x00000000ec4f7060,0x00000000ec600000)
  to   space 26624K, 0% used [0x00000000e9980000,0x00000000e9980000,0x00000000eb380000)
 ParOldGen       total 226304K, used 81095K [0x0000000080000000, 0x000000008dd00000, 0x00000000d5580000)
  object space 226304K, 35% used [0x0000000080000000,0x0000000084f31d18,0x000000008dd00000)
 Metaspace       used 92957K, capacity 98504K, committed 98584K, reserved 602112K
  class space    used 12299K, capacity 13283K, committed 13352K, reserved 516096K
Event: 8.926 GC heap after
Heap after GC invocations=18 (full 4):
 PSYoungGen      total 350720K, used 0K [0x00000000d5580000, 0x00000000ed480000, 0x0000000100000000)
  eden space 331776K, 0% used [0x00000000d5580000,0x00000000d5580000,0x00000000e9980000)
  from space 18944K, 0% used [0x00000000eb380000,0x00000000eb380000,0x00000000ec600000)
  to   space 26624K, 0% used [0x00000000e9980000,0x00000000e9980000,0x00000000eb380000)
 ParOldGen       total 356352K, used 74301K [0x0000000080000000, 0x0000000095c00000, 0x00000000d5580000)
  object space 356352K, 20% used [0x0000000080000000,0x000000008488f560,0x0000000095c00000)
 Metaspace       used 92957K, capacity 98504K, committed 98584K, reserved 602112K
  class space    used 12299K, capacity 13283K, committed 13352K, reserved 516096K
}
Event: 10.312 GC heap before
{Heap before GC invocations=19 (full 4):
 PSYoungGen      total 350720K, used 331776K [0x00000000d5580000, 0x00000000ed480000, 0x0000000100000000)
  eden space 331776K, 100% used [0x00000000d5580000,0x00000000e9980000,0x00000000e9980000)
  from space 18944K, 0% used [0x00000000eb380000,0x00000000eb380000,0x00000000ec600000)
  to   space 26624K, 0% used [0x00000000e9980000,0x00000000e9980000,0x00000000eb380000)
 ParOldGen       total 356352K, used 74301K [0x0000000080000000, 0x0000000095c00000, 0x00000000d5580000)
  object space 356352K, 20% used [0x0000000080000000,0x000000008488f560,0x0000000095c00000)
 Metaspace       used 107507K, capacity 114292K, committed 114456K, reserved 616448K
  class space    used 13974K, capacity 15129K, committed 15144K, reserved 516096K
Event: 10.318 GC heap after
Heap after GC invocations=19 (full 4):
 PSYoungGen      total 358400K, used 16544K [0x00000000d5580000, 0x00000000ed480000, 0x0000000100000000)
  eden space 331776K, 0% used [0x00000000d5580000,0x00000000d5580000,0x00000000e9980000)
  from space 26624K, 62% used [0x00000000e9980000,0x00000000ea9a8130,0x00000000eb380000)
  to   space 18944K, 0% used [0x00000000eb380000,0x00000000eb380000,0x00000000ec600000)
 ParOldGen       total 356352K, used 74309K [0x0000000080000000, 0x0000000095c00000, 0x00000000d5580000)
  object space 356352K, 20% used [0x0000000080000000,0x0000000084891560,0x0000000095c00000)
 Metaspace       used 107507K, capacity 114292K, committed 114456K, reserved 616448K
  class space    used 13974K, capacity 15129K, committed 15144K, reserved 516096K
}

